build/app/outputs/mapping/release/mapping.txt
# compiler: R8
# compiler_version: 2.1.62
# min_api: 21
# pg_map_id: d776a09
# common_typos_disable
...
io.flutter.plugins.webviewflutter.ThreadedInputConnectionProxyAdapterView -> io.flutter.plugins.b.g:
    android.os.IBinder windowToken -> b
    android.os.Handler imeHandler -> a
    boolean isLocked -> e
    android.view.inputmethod.InputConnection cachedConnection -> f
    android.view.View rootView -> c
    android.view.View targetView -> d
    void setLocked(boolean) -> a
io.flutter.plugins.webviewflutter.WebViewFactory -> io.flutter.plugins.b.h:
    io.flutter.plugin.common.BinaryMessenger messenger -> b
    android.view.View containerView -> c
    io.flutter.plugin.platform.PlatformView create(android.content.Context,int,java.lang.Object) -> a
io.flutter.plugins.webviewflutter.WebViewFlutterPlugin -> io.flutter.plugins.b.i:
    io.flutter.plugins.webviewflutter.FlutterCookieManager flutterCookieManager -> a
    void onDetachedFromEngine(io.flutter.embedding.engine.plugins.FlutterPlugin$FlutterPluginBinding) -> a
    void onAttachedToEngine(io.flutter.embedding.engine.plugins.FlutterPlugin$FlutterPluginBinding) -> b
io.flutter.util.PathUtils -> c.a.d.a:
    java.lang.String getCacheDirectory(android.content.Context) -> a
    java.lang.String getDataDirectory(android.content.Context) -> b
    java.lang.String getFilesDir(android.content.Context) -> c
io.flutter.util.Preconditions -> c.a.d.b:
    void checkState(boolean,java.lang.Object) -> a
io.flutter.util.Predicate -> c.a.d.c:
    boolean test(java.lang.Object) -> a
io.flutter.view.-$$Lambda$AccessibilityBridge$YZB7OHASiHhGuAwlsDaF5NL1-OU -> io.flutter.view.a:
    io.flutter.view.-$$Lambda$AccessibilityBridge$YZB7OHASiHhGuAwlsDaF5NL1-OU INSTANCE -> a
    boolean test(java.lang.Object) -> a
io.flutter.view.-$$Lambda$AccessibilityBridge$rCW4KhEHJoU73TZTzdmyAQLb0vw -> io.flutter.view.b:
    io.flutter.view.AccessibilityBridge$SemanticsNode f$0 -> a
    boolean test(java.lang.Object) -> a
io.flutter.view.AccessibilityBridge -> io.flutter.view.c:
    io.flutter.view.AccessibilityViewEmbedder accessibilityViewEmbedder -> d
    io.flutter.embedding.engine.systemchannels.AccessibilityChannel accessibilityChannel -> b
    int accessibilityFeatureFlags -> l
    java.util.List flutterNavigationStack -> p
    io.flutter.plugin.platform.PlatformViewsAccessibilityDelegate platformViewsAccessibilityDelegate -> e
    io.flutter.view.AccessibilityBridge$OnAccessibilityChangeListener onAccessibilityChangeListener -> s
    int FIRST_RESOURCE_ID -> y
    io.flutter.view.AccessibilityBridge$SemanticsNode lastInputFocusedSemanticsNode -> n
    android.database.ContentObserver animationScaleObserver -> x
    android.view.View rootAccessibilityView -> a
    android.view.accessibility.AccessibilityManager accessibilityManager -> c
    java.util.Map flutterSemanticsTree -> g
    int previousRouteId -> q
    java.lang.Integer lastLeftFrameInset -> r
    java.lang.Integer embeddedAccessibilityFocusedNodeId -> j
    android.view.accessibility.AccessibilityManager$TouchExplorationStateChangeListener touchExplorationStateChangeListener -> w
    boolean isReleased -> t
    io.flutter.embedding.engine.systemchannels.AccessibilityChannel$AccessibilityMessageHandler accessibilityMessageHandler -> u
    io.flutter.view.AccessibilityBridge$SemanticsNode inputFocusedSemanticsNode -> m
    io.flutter.view.AccessibilityBridge$SemanticsNode hoveredObject -> o
io.flutter.view.AccessibilityBridge$1 -> io.flutter.view.c$a:
    io.flutter.view.AccessibilityBridge this$0 -> a
    void updateCustomAccessibilityActions(java.nio.ByteBuffer,java.lang.String[]) -> a
    void onTooltip(java.lang.String) -> b
    void updateSemantics(java.nio.ByteBuffer,java.lang.String[]) -> c
    void onLongPress(int) -> d
    void onTap(int) -> e
    void announce(java.lang.String) -> f
io.flutter.view.AccessibilityBridge$2 -> io.flutter.view.c$b:
    io.flutter.view.AccessibilityBridge this$0 -> a
io.flutter.view.AccessibilityBridge$3 -> io.flutter.view.c$c:
    io.flutter.view.AccessibilityBridge this$0 -> a