build/app/outputs/mapping/release/usage.txt
br.com.zapiti.crypto_app.BuildConfig
br.com.zapiti.crypto_app.R$dimen
br.com.zapiti.crypto_app.R$style
br.com.zapiti.crypto_app.R$drawable
br.com.zapiti.crypto_app.R$mipmap
br.com.zapiti.crypto_app.R$id
br.com.zapiti.crypto_app.R$integer
br.com.zapiti.crypto_app.R$styleable
br.com.zapiti.crypto_app.R$color
br.com.zapiti.crypto_app.R$attr
br.com.zapiti.crypto_app.R$layout
br.com.zapiti.crypto_app.R$string
br.com.zapiti.crypto_app.R
...
com.google.common.collect.StandardTable$TableSet
com.google.common.graph.AbstractBaseGraph
com.google.common.io.Files$FilePredicate$2
org.codehaus.mojo.animal_sniffer.IgnoreJRERequirement
androidx.core.view.KeyEventDispatcher$Component
com.google.common.util.concurrent.AbstractScheduledService$Scheduler$2
kotlin.NumbersKt
com.google.common.collect.ConcurrentHashMultiset$3
com.google.common.util.concurrent.AbstractService$5
com.google.common.collect.Multisets$ImmutableEntry
org.intellij.lang.annotations.JdkConstants$InputEventMask
com.google.common.graph.Graphs
kotlin.annotation.AnnotationTarget
com.google.common.collect.TreeBasedTable$Factory
com.google.common.reflect.Types$ClassOwnership
com.google.common.base.CaseFormat$1
com.google.common.collect.DenseImmutableTable
com.google.common.graph.Traverser$1
com.google.common.util.concurrent.package-info
androidx.core.provider.FontsContractCompat$FontInfo
com.google.common.collect.MinMaxPriorityQueue
com.google.common.util.concurrent.Atomics
kotlin.ResultKt
com.google.common.base.Platform$1
androidx.annotation.Px
com.google.common.collect.Hashing
com.google.common.base.CharMatcher$Ascii
javax.annotation.Signed
org.intellij.lang.annotations.JdkConstants$PatternFlags
androidx.core.provider.FontsContractCompat$4$8
com.google.common.util.concurrent.AbstractFuture$SetFuture:
    void <init>(com.google.common.util.concurrent.AbstractFuture,com.google.common.util.concurrent.ListenableFuture)
kotlin.collections.EmptyMap
androidx.core.app.ActivityCompat$SharedElementCallback21Impl$1
kotlin.sequences.SequencesKt___SequencesKt$minus$4$iterator$1
javax.annotation.meta.TypeQualifier
androidx.core.os.ConfigurationCompat
androidx.core.app.NotificationManagerCompat$Task
com.google.common.collect.ReverseOrdering
com.google.common.base.CharMatcher$JavaLowerCase
kotlin.comparisons.ComparisonsKt__ComparisonsKt$compareBy$2
kotlin.text.StringsKt___StringsKt$asSequence$$inlined$Sequence$1
kotlin.coroutines.jvm.internal.SuspendLambda
com.google.common.collect.MapMakerInternalMap$AbstractWeakKeyEntry
com.google.common.collect.HashBiMap$ValueSet
com.google.common.base.JdkPattern$JdkMatcher
com.google.errorprone.annotations.CheckReturnValue
com.google.common.util.concurrent.Futures$FutureCombiner
androidx.annotation.StringRes
androidx.lifecycle.OnLifecycleEvent
kotlin.reflect.KVisibility
androidx.core.app.NotificationManagerCompat$ServiceConnectedEvent
com.google.common.cache.AbstractLoadingCache
kotlin.coroutines.SafeContinuation$Companion
kotlin.SinceKotlin
com.google.common.collect.TreeTraverser
io.flutter.view.FlutterView$Provider
kotlin.TuplesKt
com.google.common.net.MediaType
androidx.core.view.inputmethod.InputConnectionCompat$2
com.google.common.collect.GwtTransient
androidx.core.view.accessibility.AccessibilityManagerCompat$AccessibilityStateChangeListenerWrapper
io.flutter.embedding.engine.systemchannels.LocalizationChannel:
    private static final java.lang.String TAG
androidx.core.app.JobIntentService$WorkEnqueuer
kotlin.sequences.SequencesKt__SequenceBuilderKt
io.flutter.embedding.engine.systemchannels.AccessibilityChannel:
    private static final java.lang.String TAG
com.google.common.collect.AbstractMultimap$Values
com.google.common.collect.TreeRangeMap$SubRangeMap$SubRangeMapAsMap$2
com.google.common.io.LineBuffer
io.flutter.embedding.android.AndroidTouchProcessor$PointerChange
androidx.core.hardware.fingerprint.FingerprintManagerCompat$AuthenticationResult
androidx.lifecycle.LifecycleRegistryOwner
kotlin.time.AbstractLongClock$LongClockMark
kotlin.reflect.KParameter$Kind
androidx.fragment.app.Fragment$SavedState
kotlin.text.RegexKt$fromInt$$inlined$apply$lambda$1
io.flutter.plugins.webviewflutter.R$layout
androidx.core.widget.TintableImageSourceView
androidx.core.app.NotificationCompat$InboxStyle
com.google.common.collect.FluentIterable$FromIterableFunction
com.google.common.cache.Cache
kotlin.io.FileTreeWalk$FileTreeWalkIterator$BottomUpDirectoryState
kotlin.DslMarker